<?xml version="1.0" encoding="UTF-8"?>
<!-- Generated by org.testng.reporters.JUnitXMLReporter -->
<testsuite hostname="DESKTOP-5VPG43M" ignored="0" name="Add Customer Test" tests="1" failures="1" timestamp="14 Aug 2020 17:40:30 GMT" time="3.432" errors="0">
  <testcase name="addCustomer" time="1.69" classname="io.github.amazing010692.testcases.AddCustomerTest">
    <failure type="java.lang.AssertionError" message="Customer not added successfully">
      <![CDATA[java.lang.AssertionError: Customer not added successfully
at io.github.amazing010692.testcases.AddCustomerTest.addCustomer(AddCustomerTest.java:28)
... Removed 26 stack frames]]>
    </failure>
  </testcase> <!-- addCustomer -->
</testsuite> <!-- Add Customer Test -->
