<?xml version="1.0" encoding="UTF-8"?>
<!-- Generated by org.testng.reporters.JUnitXMLReporter -->
<testsuite hostname="DESKTOP-5VPG43M" ignored="0" name="Add Customer Test" tests="4" failures="0" timestamp="31 Aug 2020 14:44:47 GMT" time="19.641" errors="0">
  <testcase name="addCustomerTest" time="5.813" classname="io.github.amazing010692.testcases.AddCustomerTest"/>
  <testcase name="addCustomerTest" time="4.544" classname="io.github.amazing010692.testcases.AddCustomerTest"/>
  <testcase name="addCustomerTest" time="4.475" classname="io.github.amazing010692.testcases.AddCustomerTest"/>
  <testcase name="addCustomerTest" time="4.472" classname="io.github.amazing010692.testcases.AddCustomerTest"/>
</testsuite> <!-- Add Customer Test -->
