<?xml version="1.0" encoding="UTF-8"?>
<!-- Generated by org.testng.reporters.JUnitXMLReporter -->
<testsuite hostname="DESKTOP-5VPG43M" ignored="0" name="Bank Manager Login Test" tests="1" failures="1" timestamp="30 Aug 2020 18:16:34 GMT" time="6.5" errors="0">
  <testcase name="loginAsBankManager" time="5.381" classname="io.github.amazing010692.testcases.BankManagerLoginTest">
    <failure type="java.lang.AssertionError" message="Login not successful">
      <![CDATA[java.lang.AssertionError: Login not successful
at io.github.amazing010692.testcases.BankManagerLoginTest.loginAsBankManager(BankManagerLoginTest.java:25)
... Removed 26 stack frames]]>
    </failure>
  </testcase> <!-- loginAsBankManager -->
</testsuite> <!-- Bank Manager Login Test -->
