<?xml version="1.0" encoding="UTF-8"?>
<!-- Generated by org.testng.reporters.JUnitXMLReporter -->
<testsuite hostname="DESKTOP-5VPG43M" ignored="0" name="LoginTest" tests="1" failures="1" timestamp="09 Aug 2020 16:09:49 GMT" time="11.507" errors="0">
  <testcase name="loginAsBankManager" time="11.41" classname="io.github.amazing010692.testcases.LoginTest">
    <failure type="java.lang.AssertionError" message="Login not successful expected [true] but found [false]">
      <![CDATA[java.lang.AssertionError: Login not successful expected [true] but found [false]
at io.github.amazing010692.testcases.LoginTest.loginAsBankManager(LoginTest.java:16)
... Removed 28 stack frames]]>
    </failure>
  </testcase> <!-- loginAsBankManager -->
</testsuite> <!-- LoginTest -->
