<?xml version="1.0" encoding="UTF-8"?>
<!-- Generated by org.testng.reporters.JUnitXMLReporter -->
<testsuite hostname="DESKTOP-5VPG43M" ignored="0" name="LoginTest" tests="1" failures="0" timestamp="08 Aug 2020 14:09:06 GMT" time="0.065" errors="0">
  <testcase name="@BeforeSuite setUp" time="0.026" classname="io.github.amazing010692.base.TestBase">
    <failure type="java.lang.NullPointerException">
      <![CDATA[java.lang.NullPointerException
at io.github.amazing010692.base.TestBase.setUp(TestBase.java:42)
... Removed 20 stack frames]]>
    </failure>
  </testcase> <!-- @BeforeSuite setUp -->
  <testcase name="loginAsBankManager" time="0.0" classname="io.github.amazing010692.testcases.LoginTest">
    <skipped/>
  </testcase> <!-- loginAsBankManager -->
</testsuite> <!-- LoginTest -->
