<?xml version="1.0" encoding="UTF-8"?>
<testsuite name="Add Customer Test"
           tests="4"
           failures="0"
           errors="0"
           skipped="0"
           time="19.304">
  <properties />
  
  
            <testcase name="addCustomerTest" time="5.813" classname="io.github.amazing010692.testcases.AddCustomerTest" />
                <testcase name="addCustomerTest" time="4.472" classname="io.github.amazing010692.testcases.AddCustomerTest" />
                <testcase name="addCustomerTest" time="4.475" classname="io.github.amazing010692.testcases.AddCustomerTest" />
                <testcase name="addCustomerTest" time="4.544" classname="io.github.amazing010692.testcases.AddCustomerTest" />
      
</testsuite>
