<?xml version="1.0" encoding="UTF-8"?>
<testng-results skipped="0" failed="0" ignored="0" total="2" passed="2">
  <reporter-output>
  </reporter-output>
  <suite name="Data Driven Basics" duration-ms="14271" started-at="2020-08-13T17:32:17Z" finished-at="2020-08-13T17:32:31Z">
    <groups>
    </groups>
    <test name="Bank Manager Login Test" duration-ms="8706" started-at="2020-08-13T17:32:17Z" finished-at="2020-08-13T17:32:26Z">
      <class name="io.github.amazing010692.testcases.BankManagerLoginTest">
        <test-method status="PASS" signature="loginAsBankManager()[pri:0, instance:io.github.amazing010692.testcases.BankManagerLoginTest@4e858e0a]" name="loginAsBankManager" duration-ms="8567" started-at="2020-08-13T17:32:17Z" finished-at="2020-08-13T17:32:26Z">
          <reporter-output>
          </reporter-output>
        </test-method> <!-- loginAsBankManager -->
      </class> <!-- io.github.amazing010692.testcases.BankManagerLoginTest -->
    </test> <!-- Bank Manager Login Test -->
    <test name="Add Customer Test" duration-ms="5116" started-at="2020-08-13T17:32:26Z" finished-at="2020-08-13T17:32:31Z">
      <class name="io.github.amazing010692.testcases.AddCustomerTest">
        <test-method status="PASS" signature="setUp()[pri:0, instance:io.github.amazing010692.testcases.AddCustomerTest@4ba302e0]" name="setUp" is-config="true" duration-ms="36116" started-at="2020-08-13T17:31:41Z" finished-at="2020-08-13T17:32:17Z">
          <reporter-output>
          </reporter-output>
        </test-method> <!-- setUp -->
        <test-method status="PASS" signature="addCustomer(java.lang.String, java.lang.String, java.lang.String, java.lang.String)[pri:0, instance:io.github.amazing010692.testcases.AddCustomerTest@4ba302e0]" name="addCustomer" duration-ms="4088" started-at="2020-08-13T17:32:27Z" data-provider="getData" finished-at="2020-08-13T17:32:31Z">
          <params>
            <param index="0">
              <value>
                <![CDATA[Janielle Joy]]>
              </value>
            </param>
            <param index="1">
              <value>
                <![CDATA[Gregorio]]>
              </value>
            </param>
            <param index="2">
              <value>
                <![CDATA[1700.0]]>
              </value>
            </param>
            <param index="3">
              <value>
                <![CDATA[Customer added successfully]]>
              </value>
            </param>
          </params>
          <reporter-output>
          </reporter-output>
        </test-method> <!-- addCustomer -->
        <test-method status="PASS" signature="tearDown()[pri:0, instance:io.github.amazing010692.testcases.AddCustomerTest@4ba302e0]" name="tearDown" is-config="true" duration-ms="1122" started-at="2020-08-13T17:32:31Z" finished-at="2020-08-13T17:32:32Z">
          <reporter-output>
          </reporter-output>
        </test-method> <!-- tearDown -->
      </class> <!-- io.github.amazing010692.testcases.AddCustomerTest -->
    </test> <!-- Add Customer Test -->
  </suite> <!-- Data Driven Basics -->
</testng-results>
