<?xml version="1.0" encoding="UTF-8"?>
<testng-results skipped="0" failed="0" ignored="0" total="1" passed="1">
  <reporter-output>
  </reporter-output>
  <suite name="Data Driven Basics" duration-ms="1091" started-at="2020-08-09T16:00:07Z" finished-at="2020-08-09T16:00:08Z">
    <groups>
    </groups>
    <test name="LoginTest" duration-ms="1091" started-at="2020-08-09T16:00:07Z" finished-at="2020-08-09T16:00:08Z">
      <class name="io.github.amazing010692.testcases.LoginTest">
        <test-method status="PASS" signature="setUp()[pri:0, instance:io.github.amazing010692.testcases.LoginTest@4b29d1d2]" name="setUp" is-config="true" duration-ms="16987" started-at="2020-08-09T15:59:50Z" finished-at="2020-08-09T16:00:07Z">
          <reporter-output>
          </reporter-output>
        </test-method> <!-- setUp -->
        <test-method status="PASS" signature="loginAsBankManager()[pri:0, instance:io.github.amazing010692.testcases.LoginTest@4b29d1d2]" name="loginAsBankManager" duration-ms="1012" started-at="2020-08-09T16:00:07Z" finished-at="2020-08-09T16:00:08Z">
          <reporter-output>
          </reporter-output>
        </test-method> <!-- loginAsBankManager -->
        <test-method status="PASS" signature="tearDown()[pri:0, instance:io.github.amazing010692.testcases.LoginTest@4b29d1d2]" name="tearDown" is-config="true" duration-ms="910" started-at="2020-08-09T16:00:08Z" finished-at="2020-08-09T16:00:09Z">
          <reporter-output>
          </reporter-output>
        </test-method> <!-- tearDown -->
      </class> <!-- io.github.amazing010692.testcases.LoginTest -->
    </test> <!-- LoginTest -->
  </suite> <!-- Data Driven Basics -->
</testng-results>
